1.2988 	WARNING 	We strongly recommend you activate the PTB sound engine in PsychoPy prefs as the preferred audio engine. Its timing is vastly superior. Your prefs are currently set to use ['sounddevice', 'PTB', 'pyo', 'pygame'] (in that order).
4.3229 	WARNING 	User requested fullscreen with size [1710 1112], but screen is actually [1470, 956]. Using actual size
5.4751 	WARNING 	Couldn't measure a consistent frame rate!
  - Is your graphics card set to sync to vertical blank?
  - Are you running other processes on your computer?

5.4759 	EXP 	Created window1 = Window(allowGUI=False, allowStencil=False, autoLog=True, backendConf=UNKNOWN, bitsMode=UNKNOWN, blendMode='avg', bpc=(8, 8, 8), color=array([-1., -1., -1.]), colorSpace='rgb', depthBits=8, fullscr=<method-wrapper '__getattribute__' of attributeSetter object at 0x7fc03070c3a0>, gamma=None, gammaErrorPolicy='raise', lms=UNKNOWN, monitor=<psychopy.monitors.calibTools.Monitor object at 0x7fc047548850>, multiSample=False, name='window1', numSamples=2, pos=[367.5, 239.0], screen=0, size=array([2940, 1912]), stencilBits=0, stereo=False, units='height', useFBO=True, useRetina=True, viewOri=0.0, viewPos=None, viewScale=None, waitBlanking=True, winType='pyglet')
5.4764 	EXP 	window1: mouseVisible = True
5.4764 	EXP 	window1: Attempting to measure frame rate of screen (0) ...
5.4765 	EXP 	window1: recordFrameIntervals = False
5.5564 	EXP 	window1: recordFrameIntervals = True
6.3916 	WARNING 	Couldn't measure a consistent frame rate!
  - Is your graphics card set to sync to vertical blank?
  - Are you running other processes on your computer?

6.4967 	EXP 	Created img_inst1 = ImageStim(__class__=<class 'psychopy.visual.image.ImageStim'>, anchor=('center', 'center'), autoLog=True, color=array([1., 1., 1.]), colorSpace='rgb', contrast=1.0, depth=-1.0, flipHoriz=False, flipVert=False, image='png/inst1.png', interpolate=True, mask=None, maskParams=None, name='img_inst1', opacity=1.0, ori=0.0, pos=array([0., 0.]), size=array([1000.,  528.]), texRes=128.0, units='pix', win=Window(...))
6.6147 	EXP 	window1: Attempting to measure frame rate of screen (0) ...
6.6148 	EXP 	window1: recordFrameIntervals = False
6.6900 	EXP 	window1: recordFrameIntervals = True
7.5249 	WARNING 	Couldn't measure a consistent frame rate!
  - Is your graphics card set to sync to vertical blank?
  - Are you running other processes on your computer?

7.5250 	WARNING 	FrameRate could not be supplied by psychopy; defaulting to 60.0
7.5266 	EXP 	Created movie = MovieStim3(__class__=<class 'psychopy.visual.movie3.MovieStim3'>, anchor=('center', 'center'), autoLog=True, color=UNKNOWN, colorSpace=UNKNOWN, depth=0.0, filename='mp4/catch_demo.mp4', flipHoriz=False, flipVert=False, fps=UNKNOWN, interpolate=True, loop=False, name='movie', noAudio=False, opacity=1, ori=method-wrapper(...), pos=array([0., 0.]), size=None, units='pix', vframe_callback=UNKNOWN, volume=UNKNOWN, win=Window(...))
7.7044 	WARNING 	0.1777016670021112: Video catchup needed, advancing self._nextFrameT from 0.0 to 0.03336666666666667
7.7045 	WARNING 	0.17779191699810326: Video catchup needed, advancing self._nextFrameT from 0.03336666666666667 to 0.06673333333333334
7.7045 	WARNING 	0.17780266699992353: Video catchup needed, advancing self._nextFrameT from 0.06673333333333334 to 0.10010000000000001
7.7045 	WARNING 	0.17781200000172248: Video catchup needed, advancing self._nextFrameT from 0.10010000000000001 to 0.13346666666666668
7.7145 	EXP 	Created fixation_2 = ShapeStim(__class__=<class 'psychopy.visual.shape.ShapeStim'>, anchor=('center', 'center'), autoDraw=False, autoLog=True, closeShape=True, color=method-wrapper(...), colorSpace='rgb', contrast=None, depth=-3.0, fillColor=array([ 1.    , -0.2235, -0.4431]), fillColorSpace='rgb', fillRGB=array([ 1.    , -0.2235, -0.4431]), interpolate=True, lineColor=array([ 1.    , -0.2235, -0.4431]), lineColorSpace='rgb', lineRGB=array([ 1.    , -0.2235, -0.4431]), lineWidth=1.0, name='fixation_2', opacity=1.0, ori=0.0, pos=array([0., 0.]), size=array([25., 25.]), units='pix', vertices=ndarray(...), win=Window(...), windingRule=None)
7.7740 	EXP 	Created img_inst2 = ImageStim(__class__=<class 'psychopy.visual.image.ImageStim'>, anchor=('center', 'center'), autoLog=True, color=array([1., 1., 1.]), colorSpace='rgb', contrast=1.0, depth=-1.0, flipHoriz=False, flipVert=False, image='png/inst2.png', interpolate=True, mask=None, maskParams=None, name='img_inst2', opacity=1.0, ori=0.0, pos=array([0., 0.]), size=array([1000.,  528.]), texRes=128.0, units='pix', win=Window(...))
7.7741 	EXP 	window1: Attempting to measure frame rate of screen (0) ...
7.7741 	EXP 	window1: recordFrameIntervals = False
7.7794 	EXP 	movie: autoLog = True
7.7794 	EXP 	movie: movie = 'mp4/catch_demo.mp4'
7.7794 	EXP 	movie: ori = 0.0
7.8567 	EXP 	window1: recordFrameIntervals = True
8.6913 	WARNING 	Couldn't measure a consistent frame rate!
  - Is your graphics card set to sync to vertical blank?
  - Are you running other processes on your computer?

8.6913 	WARNING 	FrameRate could not be supplied by psychopy; defaulting to 60.0
8.6922 	EXP 	Created mov = MovieStim3(__class__=<class 'psychopy.visual.movie3.MovieStim3'>, anchor=('center', 'center'), autoLog=True, color=UNKNOWN, colorSpace=UNKNOWN, depth=-5.0, filename='mp4/demo/taisoufuku_demo_120sec.mp4', flipHoriz=False, flipVert=False, fps=UNKNOWN, interpolate=True, loop=True, name='mov', noAudio=False, opacity=1, ori=method-wrapper(...), pos=array([0., 0.]), size=None, units='pix', vframe_callback=UNKNOWN, volume=UNKNOWN, win=Window(...))
8.8539 	WARNING 	0.1616045420014416: Video catchup needed, advancing self._nextFrameT from 0.0 to 0.03333333333333333
8.8539 	WARNING 	0.16168762499728473: Video catchup needed, advancing self._nextFrameT from 0.03333333333333333 to 0.06666666666666667
8.8539 	WARNING 	0.16169766699749744: Video catchup needed, advancing self._nextFrameT from 0.06666666666666667 to 0.1
8.8770 	EXP 	Created polygon_6 = ShapeStim(__class__=<class 'psychopy.visual.shape.ShapeStim'>, anchor=('center', 'center'), autoDraw=False, autoLog=True, closeShape=True, color=method-wrapper(...), colorSpace='rgb', contrast=None, depth=-6.0, fillColor=array([ 1.    , -0.2235, -0.4431]), fillColorSpace='rgb', fillRGB=array([ 1.    , -0.2235, -0.4431]), interpolate=True, lineColor=array([ 1.    , -0.2235, -0.4431]), lineColorSpace='rgb', lineRGB=array([ 1.    , -0.2235, -0.4431]), lineWidth=1.0, name='polygon_6', opacity=1.0, ori=0.0, pos=array([0., 0.]), size=array([25., 25.]), units='pix', vertices=ndarray(...), win=Window(...), windingRule=None)
8.9121 	EXP 	Created mask_cw = ImageStim(__class__=<class 'psychopy.visual.image.ImageStim'>, anchor=('center', 'center'), autoLog=True, color=array([1., 1., 1.]), colorSpace='rgb', contrast=1.0, depth=-8.0, flipHoriz=False, flipVert=False, image='png/mask_l.png', interpolate=True, mask=None, maskParams=None, name='mask_cw', opacity=1.0, ori=0.0, pos=array([-480.,    0.]), size=array([480., 800.]), texRes=128.0, units='pix', win=Window(...))
8.9451 	EXP 	Created mask_ccw = ImageStim(__class__=<class 'psychopy.visual.image.ImageStim'>, anchor=('center', 'center'), autoLog=True, color=array([1., 1., 1.]), colorSpace='rgb', contrast=1.0, depth=-9.0, flipHoriz=False, flipVert=False, image='png/mask_r.png', interpolate=True, mask=None, maskParams=None, name='mask_ccw', opacity=1.0, ori=0.0, pos=array([480.,   0.]), size=array([480., 800.]), texRes=128.0, units='pix', win=Window(...))
9.0116 	EXP 	Created img_inst3 = ImageStim(__class__=<class 'psychopy.visual.image.ImageStim'>, anchor=('center', 'center'), autoLog=True, color=array([1., 1., 1.]), colorSpace='rgb', contrast=1.0, depth=0.0, flipHoriz=False, flipVert=False, image='png/inst3.png', interpolate=True, mask=None, maskParams=None, name='img_inst3', opacity=1.0, ori=0.0, pos=array([0., 0.]), size=array([1000.,  687.]), texRes=128.0, units='pix', win=Window(...))
9.0129 	EXP 	Created fixation = ShapeStim(__class__=<class 'psychopy.visual.shape.ShapeStim'>, anchor=('center', 'center'), autoDraw=False, autoLog=True, closeShape=True, color=method-wrapper(...), colorSpace='rgb', contrast=None, depth=-4.0, fillColor=array([ 1.    , -0.2235, -0.4431]), fillColorSpace='rgb', fillRGB=array([ 1.    , -0.2235, -0.4431]), interpolate=True, lineColor=array([ 1.    , -0.2235, -0.4431]), lineColorSpace='rgb', lineRGB=array([ 1.    , -0.2235, -0.4431]), lineWidth=1.0, name='fixation', opacity=1.0, ori=0.0, pos=array([0., 0.]), size=array([25., 25.]), units='pix', vertices=ndarray(...), win=Window(...), windingRule=None)
9.0137 	EXP 	Created polygon = Rect(__class__=<class 'psychopy.visual.rect.Rect'>, anchor=('center', 'center'), autoDraw=False, autoLog=True, closeShape=True, color=method-wrapper(...), colorSpace='rgb', contrast=None, depth=-2.0, fillColor=array([0.8824, 0.8039, 0.098 ]), fillColorSpace='rgb', fillRGB=array([0.8824, 0.8039, 0.098 ]), interpolate=True, lineColor=array([0.8824, 0.8039, 0.098 ]), lineColorSpace='rgb', lineRGB=array([0.8824, 0.8039, 0.098 ]), lineWidth=1.0, name='polygon', opacity=1.0, ori=0.0, pos=array([0., 0.]), size=array([1., 1.]), units='pix', vertices=ndarray(...), win=Window(...))
9.0520 	EXP 	Created img_inst4 = ImageStim(__class__=<class 'psychopy.visual.image.ImageStim'>, anchor=('center', 'center'), autoLog=True, color=array([1., 1., 1.]), colorSpace='rgb', contrast=1.0, depth=-3.0, flipHoriz=False, flipVert=False, image='png/inst4.png', interpolate=True, mask=None, maskParams=None, name='img_inst4', opacity=1.0, ori=0.0, pos=array([0., 0.]), size=array([1000.,  352.]), texRes=128.0, units='pix', win=Window(...))
9.0579 	EXP 	Created text_shintyoku = TextStim(__class__=<class 'psychopy.visual.text.TextStim'>, alignHoriz=method-wrapper(...), alignText='center', alignVert=method-wrapper(...), anchorHoriz='center', anchorVert='center', antialias=True, autoDraw=False, autoLog=True, bold=False, color=array([1., 1., 1.]), colorSpace='rgb', contrast=1.0, depth=-4.0, flipHoriz=False, flipVert=False, font='Open Sans', fontFiles=[], height=0.05, italic=False, languageStyle='LTR', name='text_shintyoku', opacity=1.0, ori=0.0, pos=array([0.9, 0.9]), rgb=UNKNOWN, text='', units='norm', win=Window(...), wrapWidth=1)
9.0589 	EXP 	Created fixation_catch = ShapeStim(__class__=<class 'psychopy.visual.shape.ShapeStim'>, anchor=('center', 'center'), autoDraw=False, autoLog=True, closeShape=True, color=method-wrapper(...), colorSpace='rgb', contrast=None, depth=-2.0, fillColor=array([ 1.    , -0.2235, -0.4431]), fillColorSpace='rgb', fillRGB=array([ 1.    , -0.2235, -0.4431]), interpolate=True, lineColor=array([ 1.    , -0.2235, -0.4431]), lineColorSpace='rgb', lineRGB=array([ 1.    , -0.2235, -0.4431]), lineWidth=1.0, name='fixation_catch', opacity=1.0, ori=0.0, pos=array([0., 0.]), size=array([25., 25.]), units='pix', vertices=ndarray(...), win=Window(...), windingRule=None)
9.0596 	EXP 	Created polygon = Rect(__class__=<class 'psychopy.visual.rect.Rect'>, anchor=('center', 'center'), autoDraw=False, autoLog=True, closeShape=True, color=method-wrapper(...), colorSpace='rgb', contrast=None, depth=-2.0, fillColor=array([0.8824, 0.8039, 0.098 ]), fillColorSpace='rgb', fillRGB=array([0.8824, 0.8039, 0.098 ]), interpolate=True, lineColor=array([0.8824, 0.8039, 0.098 ]), lineColorSpace='rgb', lineRGB=array([0.8824, 0.8039, 0.098 ]), lineWidth=1.0, name='polygon', opacity=1.0, ori=0.0, pos=array([0., 0.]), size=array([1., 1.]), units='pix', vertices=ndarray(...), win=Window(...))
9.0977 	EXP 	Created img_inst4 = ImageStim(__class__=<class 'psychopy.visual.image.ImageStim'>, anchor=('center', 'center'), autoLog=True, color=array([1., 1., 1.]), colorSpace='rgb', contrast=1.0, depth=-3.0, flipHoriz=False, flipVert=False, image='png/inst4.png', interpolate=True, mask=None, maskParams=None, name='img_inst4', opacity=1.0, ori=0.0, pos=array([0., 0.]), size=array([1000.,  352.]), texRes=128.0, units='pix', win=Window(...))
9.0985 	EXP 	Created text_shintyoku = TextStim(__class__=<class 'psychopy.visual.text.TextStim'>, alignHoriz=method-wrapper(...), alignText='center', alignVert=method-wrapper(...), anchorHoriz='center', anchorVert='center', antialias=True, autoDraw=False, autoLog=True, bold=False, color=array([1., 1., 1.]), colorSpace='rgb', contrast=1.0, depth=-4.0, flipHoriz=False, flipVert=False, font='Open Sans', fontFiles=[], height=0.05, italic=False, languageStyle='LTR', name='text_shintyoku', opacity=1.0, ori=0.0, pos=array([0.9, 0.9]), rgb=UNKNOWN, text='', units='norm', win=Window(...), wrapWidth=1)
9.0994 	EXP 	Created fixation = ShapeStim(__class__=<class 'psychopy.visual.shape.ShapeStim'>, anchor=('center', 'center'), autoDraw=False, autoLog=True, closeShape=True, color=method-wrapper(...), colorSpace='rgb', contrast=None, depth=-4.0, fillColor=array([ 1.    , -0.2235, -0.4431]), fillColorSpace='rgb', fillRGB=array([ 1.    , -0.2235, -0.4431]), interpolate=True, lineColor=array([ 1.    , -0.2235, -0.4431]), lineColorSpace='rgb', lineRGB=array([ 1.    , -0.2235, -0.4431]), lineWidth=1.0, name='fixation', opacity=1.0, ori=0.0, pos=array([0., 0.]), size=array([25., 25.]), units='pix', vertices=ndarray(...), win=Window(...), windingRule=None)
9.1001 	EXP 	Created polygon = Rect(__class__=<class 'psychopy.visual.rect.Rect'>, anchor=('center', 'center'), autoDraw=False, autoLog=True, closeShape=True, color=method-wrapper(...), colorSpace='rgb', contrast=None, depth=-2.0, fillColor=array([0.8824, 0.8039, 0.098 ]), fillColorSpace='rgb', fillRGB=array([0.8824, 0.8039, 0.098 ]), interpolate=True, lineColor=array([0.8824, 0.8039, 0.098 ]), lineColorSpace='rgb', lineRGB=array([0.8824, 0.8039, 0.098 ]), lineWidth=1.0, name='polygon', opacity=1.0, ori=0.0, pos=array([0., 0.]), size=array([1., 1.]), units='pix', vertices=ndarray(...), win=Window(...))
9.1366 	EXP 	Created img_inst4 = ImageStim(__class__=<class 'psychopy.visual.image.ImageStim'>, anchor=('center', 'center'), autoLog=True, color=array([1., 1., 1.]), colorSpace='rgb', contrast=1.0, depth=-3.0, flipHoriz=False, flipVert=False, image='png/inst4.png', interpolate=True, mask=None, maskParams=None, name='img_inst4', opacity=1.0, ori=0.0, pos=array([0., 0.]), size=array([1000.,  352.]), texRes=128.0, units='pix', win=Window(...))
9.1373 	EXP 	Created text_shintyoku = TextStim(__class__=<class 'psychopy.visual.text.TextStim'>, alignHoriz=method-wrapper(...), alignText='center', alignVert=method-wrapper(...), anchorHoriz='center', anchorVert='center', antialias=True, autoDraw=False, autoLog=True, bold=False, color=array([1., 1., 1.]), colorSpace='rgb', contrast=1.0, depth=-4.0, flipHoriz=False, flipVert=False, font='Open Sans', fontFiles=[], height=0.05, italic=False, languageStyle='LTR', name='text_shintyoku', opacity=1.0, ori=0.0, pos=array([0.9, 0.9]), rgb=UNKNOWN, text='', units='norm', win=Window(...), wrapWidth=1)
9.1587 	EXP 	Created text = TextStim(__class__=<class 'psychopy.visual.text.TextStim'>, alignHoriz=method-wrapper(...), alignText='center', alignVert=method-wrapper(...), anchorHoriz='center', anchorVert='center', antialias=True, autoDraw=False, autoLog=True, bold=False, color=array([1., 1., 1.]), colorSpace='rgb', contrast=1.0, depth=0.0, flipHoriz=False, flipVert=False, font='Open Sans', fontFiles=[], height=0.05, italic=False, languageStyle='LTR', name='text', opacity=1.0, ori=0.0, pos=array([0., 0.]), rgb=UNKNOWN, text='Thank you.', units='height', win=Window(...), wrapWidth=1)
9.1650 	WARNING 	t of last frame was 474.00ms (=1/2)
9.1650 	EXP 	mov: autoLog = True
9.1650 	EXP 	mov: movie = 'mp4/demo/taisoufuku_demo_120sec.mp4'
9.1650 	EXP 	mov: ori = 0.0
9.1650 	EXP 	img_inst1: autoDraw = True
9.9750 	DATA 	Keypress: space
9.9891 	WARNING 	t of last frame was 24.04ms (=1/41)
9.9891 	EXP 	img_inst1: autoDraw = False
9.9891 	EXP 	movie: autoDraw = True
9.9891 	EXP 	fixation_2: autoDraw = True
10.5247 	WARNING 	t of last frame was 21.60ms (=1/46)
10.8096 	DATA 	Keypress: q
10.8165 	EXP 	movie: autoDraw = False
10.8165 	EXP 	fixation_2: autoDraw = False
10.8165 	EXP 	img_inst2: autoDraw = True
11.1248 	WARNING 	t of last frame was 21.75ms (=1/45)
11.1998 	DATA 	Keypress: space
11.2496 	WARNING 	Multiple dropped frames have occurred - I'll stop bothering you about them!
11.2494 	EXP 	img_inst2: autoDraw = False
11.2494 	EXP 	mov: autoDraw = True
11.2494 	EXP 	polygon_6: autoDraw = True
11.2494 	EXP 	mask_cw: autoDraw = True
11.2494 	EXP 	mask_cw: texRes = 128.0
11.2494 	EXP 	mask_ccw: autoDraw = True
11.2494 	EXP 	mask_ccw: texRes = 128.0
11.2819 	EXP 	mask_cw: texRes = 128.0
11.2819 	EXP 	mask_ccw: texRes = 128.0
11.3115 	EXP 	mask_cw: texRes = 128.0
11.3115 	EXP 	mask_ccw: texRes = 128.0
11.3382 	EXP 	mask_cw: texRes = 128.0
11.3382 	EXP 	mask_ccw: texRes = 128.0
11.3671 	EXP 	mask_cw: texRes = 128.0
11.3671 	EXP 	mask_ccw: texRes = 128.0
11.3932 	EXP 	mask_cw: texRes = 128.0
11.3932 	EXP 	mask_ccw: texRes = 128.0
11.4158 	EXP 	mask_cw: texRes = 128.0
11.4158 	EXP 	mask_ccw: texRes = 128.0
11.4417 	EXP 	mask_cw: texRes = 128.0
11.4417 	EXP 	mask_ccw: texRes = 128.0
11.4671 	EXP 	mask_cw: texRes = 128.0
11.4671 	EXP 	mask_ccw: texRes = 128.0
11.4928 	EXP 	mask_cw: texRes = 128.0
11.4928 	EXP 	mask_ccw: texRes = 128.0
11.5153 	EXP 	mask_cw: texRes = 128.0
11.5153 	EXP 	mask_ccw: texRes = 128.0
11.5418 	EXP 	mask_cw: texRes = 128.0
11.5418 	EXP 	mask_ccw: texRes = 128.0
11.5673 	EXP 	mask_cw: texRes = 128.0
11.5673 	EXP 	mask_ccw: texRes = 128.0
11.5847 	DATA 	Keypress: q
11.5938 	EXP 	mask_cw: texRes = 128.0
11.5938 	EXP 	mask_ccw: texRes = 128.0
11.6156 	EXP 	mask_cw: texRes = 128.0
11.6156 	EXP 	mask_ccw: texRes = 128.0
11.6156 	EXP 	mov: autoDraw = False
11.6156 	EXP 	polygon_6: autoDraw = False
11.6156 	EXP 	mask_cw: autoDraw = False
11.6156 	EXP 	mask_ccw: autoDraw = False
11.6156 	EXP 	img_inst3: autoDraw = True
12.5008 	DATA 	Keypress: space
12.5155 	EXP 	Imported conditions_exp2512.xlsx as conditions, 3 conditions, 1 params
12.5420 	EXP 	window1: mouseVisible = True
